1674392347: mosquitto version 2.0.15 starting
1674392347: Config loaded from /mosquitto/config/mosquitto.conf.
1674392347: Opening ipv4 listen socket on port 1883.
1674392347: Opening ipv6 listen socket on port 1883.
1674392347: mosquitto version 2.0.15 running
1674393315: mosquitto version 2.0.15 terminating
1674393315: Saving in-memory database to /mosquitto/data//mosquitto.db.
1674393389: mosquitto version 2.0.15 starting
1674393389: Config loaded from /mosquitto/config/mosquitto.conf.
1674393389: Opening ipv4 listen socket on port 1883.
1674393389: Opening ipv6 listen socket on port 1883.
1674393389: mosquitto version 2.0.15 running
1674393820: mosquitto version 2.0.15 terminating
1674393820: Saving in-memory database to /mosquitto/data//mosquitto.db.
1674393854: mosquitto version 2.0.15 starting
1674393854: Config loaded from /mosquitto/config/mosquitto.conf.
1674393854: Opening ipv4 listen socket on port 1883.
1674393854: Opening ipv6 listen socket on port 1883.
1674393854: mosquitto version 2.0.15 running
1674394379: mosquitto version 2.0.15 terminating
1674394379: Saving in-memory database to /mosquitto/data//mosquitto.db.
1674394430: mosquitto version 2.0.15 starting
1674394430: Config loaded from /mosquitto/config/mosquitto.conf.
1674394430: Opening ipv4 listen socket on port 1883.
1674394430: Opening ipv6 listen socket on port 1883.
1674394430: mosquitto version 2.0.15 running
1674394742: mosquitto version 2.0.15 terminating
1674394742: Saving in-memory database to /mosquitto/data//mosquitto.db.
